[2022-12-07T15:38:16.026760+01:00] App.INFO: homero ha iniciat sessió [] []
[2022-12-07T15:38:33.164263+01:00] App.INFO: @ralphy ha iniciat sessió [] []
[2022-12-08T15:48:11.780508+01:00] App.INFO: @lisa ha iniciat sessió [] []
[2022-12-09T08:03:46.165645+01:00] App.INFO: @homero ha iniciat sessió [] []
[2022-12-09T08:04:11.173432+01:00] App.INFO: @barney ha iniciat sessió [] []
[2022-12-09T21:31:42.046163+01:00] App.INFO: @homero ha iniciat sessió [] []
[2022-12-09T21:40:32.603214+01:00] App.INFO: @homero ha iniciat sessió [] []
[2022-12-09T21:57:37.017663+01:00] App.INFO: @bart ha iniciat sessió [] []
[2022-12-12T12:10:25.885993+00:00] App.INFO: @homero ha iniciat sessió [] []
[2022-12-12T12:10:42.215578+00:00] App.INFO: @homero ha iniciat sessió [] []
[2022-12-12T12:14:18.529419+00:00] App.INFO: @homero ha iniciat sessió [] []
[2022-12-12T12:15:20.031596+00:00] App.INFO: @homero ha iniciat sessió [] []
[2022-12-12T12:41:47.595293+00:00] App.INFO: @homero ha iniciat sessió [] []
[2022-12-12T12:49:12.028835+00:00] App.INFO: @homero ha iniciat sessió [] []
[2022-12-12T18:00:29.630302+00:00] App.INFO: @homer ha iniciat sessió [] []
[2022-12-12T18:27:25.002025+00:00] App.INFO: @lisa ha iniciat sessió [] []
[2022-12-13T11:32:18.829135+00:00] App.INFO: @homero ha iniciat sessió [] []
[2022-12-13T11:51:27.607673+00:00] App.INFO: @homero ha iniciat sessió [] []
[2022-12-13T18:16:38.567035+00:00] App.INFO: @homer ha iniciat sessió [] []
[2022-12-13T18:39:21.283142+00:00] App.INFO: @homer ha iniciat sessió [] []
[2022-12-13T18:39:40.063967+00:00] App.INFO: @homer ha iniciat sessió [] []
[2022-12-13T18:39:51.302858+00:00] App.INFO: @homer ha iniciat sessió [] []
[2022-12-13T18:40:12.545034+00:00] App.INFO: @homer ha iniciat sessió [] []
[2022-12-13T18:40:20.140114+00:00] App.INFO: @homer ha iniciat sessió [] []
[2022-12-14T07:51:37.820042+00:00] App.INFO: @homer ha iniciat sessió [] []
[2022-12-14T07:55:27.762370+00:00] App.INFO: @lisa ha iniciat sessió [] []
[2022-12-14T09:32:00.445495+00:00] App.INFO: @ralph ha iniciat sessió [] []
[2022-12-14T11:55:53.699313+00:00] App.INFO: @homer ha iniciat sessió [] []
[2022-12-15T07:30:37.967229+00:00] App.INFO: @homero ha iniciat sessió [] []
[2022-12-15T08:49:40.798000+00:00] App.INFO: @homero ha iniciat sessió [] []
[2022-12-15T10:49:32.709357+00:00] App.INFO: @homer ha iniciat sessió [] []
[2022-12-15T10:49:55.992820+00:00] App.INFO: @homer ha iniciat sessió [] []
[2022-12-15T22:57:10.126614+00:00] App.INFO: @homer ha iniciat sessió [] []
[2022-12-16T07:09:19.352667+00:00] App.INFO: @homero ha iniciat sessió [] []
